<?xml version="1.0" encoding="UTF-8"?>
<testsuite xmlns:xsi="http://www.w3.org/2001/XMLSchema-instance" xsi:noNamespaceSchemaLocation="https://maven.apache.org/surefire/maven-surefire-plugin/xsd/surefire-test-report-3.0.xsd" version="3.0" name="br.unipar.testesdesoftware_exercicio3.VendaServiceTest" time="1.18" tests="9" errors="0" skipped="0" failures="0">
  <properties>
[...]
</properties>
  <testcase name="testAdicionarProduto" classname="br.unipar.testesdesoftware_exercicio3.VendaServiceTest" time="1.059">
    <system-err><![CDATA[WARNING: A Java agent has been loaded dynamically (C:\Users\aline\.m2\repository\net\bytebuddy\byte-buddy-agent\1.14.6\byte-buddy-agent-1.14.6.jar)
WARNING: If a serviceability tool is in use, please run with -XX:+EnableDynamicAgentLoading to hide this warning
WARNING: If a serviceability tool is not in use, please run with -Djdk.instrument.traceUsage for more information
WARNING: Dynamic loading of agents will be disallowed by default in a future release
]]></system-err>
  </testcase>
  <testcase name="testDescontoZeroPorcento" classname="br.unipar.testesdesoftware_exercicio3.VendaServiceTest" time="0.064"/>
  <testcase name="testPagamentoLancaExcecao" classname="br.unipar.testesdesoftware_exercicio3.VendaServiceTest" time="0.016"/>
  <testcase name="testPagamentoAprovado" classname="br.unipar.testesdesoftware_exercicio3.VendaServiceTest" time="0.003"/>
  <testcase name="testEstoqueInsuficiente" classname="br.unipar.testesdesoftware_exercicio3.VendaServiceTest" time="0.003"/>
  <testcase name="testRemoverProduto" classname="br.unipar.testesdesoftware_exercicio3.VendaServiceTest" time="0.002"/>
  <testcase name="testPagamentoRejeitado" classname="br.unipar.testesdesoftware_exercicio3.VendaServiceTest" time="0.002"/>
  <testcase name="testDescontoDezPorcento" classname="br.unipar.testesdesoftware_exercicio3.VendaServiceTest" time="0.003"/>
  <testcase name="testCalcularTotal" classname="br.unipar.testesdesoftware_exercicio3.VendaServiceTest" time="0.002"/>
</testsuite>